<?xml version="1.0" encoding="UTF-8"?>
<!-- Generated by org.testng.reporters.JUnitReportReporter -->
<testsuite skipped="0" hostname="PRINHYLTPDL1339" name="com.imaginea.selenium.mavenproject.TC_01" tests="1" failures="0" timestamp="24 Jul 2018 06:05:01 GMT" time="0.009" errors="0">
  <testcase name="f" time="0.009" classname="com.imaginea.selenium.mavenproject.TC_01"/>
</testsuite> <!-- com.imaginea.selenium.mavenproject.TC_01 -->
