<?xml version="1.0" encoding="UTF-8"?>
<!-- Generated by org.testng.reporters.JUnitReportReporter -->
<testsuite hostname="PRINHYLTPDL1339" name="com.imaginea.selenium.mavenproject.TC_01" tests="1" failures="0" timestamp="25 Jul 2018 02:44:39 GMT" time="16.956" errors="0">
  <testcase name="f" time="16.956" classname="com.imaginea.selenium.mavenproject.TC_01"/>
</testsuite> <!-- com.imaginea.selenium.mavenproject.TC_01 -->
