<?xml version="1.0" encoding="UTF-8"?>
<!-- Generated by org.testng.reporters.JUnitReportReporter -->
<testsuite hostname="PRINHYLTPDL1339" name="com.imaginea.selenium.mavenproject.NewTest" tests="1" failures="0" timestamp="25 Jul 2018 02:32:01 GMT" time="0.006" errors="0">
  <testcase name="f" time="0.006" classname="com.imaginea.selenium.mavenproject.NewTest"/>
</testsuite> <!-- com.imaginea.selenium.mavenproject.NewTest -->
